<?xml version="1.0" encoding="UTF-8" ?>
<testsuite tests="3" failures="0" name="PasswordHasherTest" time="0.895" errors="0" skipped="0">
  <properties>
[...]
</properties>
  <testcase classname="PasswordHasherTest" name="PasswordHasherTest.testHashConsistency" time="0.491"/>
  <testcase classname="PasswordHasherTest" name="PasswordHasherTest.testIncorrectPasswordVerification" time="0.301"/>
  <testcase classname="PasswordHasherTest" name="PasswordHasherTest.testHashPasswordAndVerify" time="0.103"/>
</testsuite>